Gbuffer.vert
// Module Version 10000
// Generated by (magic number): 80008
// Id's are bound by 56

                              Capability Shader
               1:             ExtInstImport  "GLSL.std.450"
                              MemoryModel Logical GLSL450
                              EntryPoint Vertex 4  "main" 20 25 28 40 48
                              Source GLSL 450
                              Name 4  "main"
                              Name 9  "position"
                              Name 11  "UniformBuffer"
                              MemberName 11(UniformBuffer) 0  "ModelViewMatrix"
                              MemberName 11(UniformBuffer) 1  "ProjectionMatrix"
                              Name 13  ""
                              Name 20  "app_position"
                              Name 25  "vert_position"
                              Name 28  "vert_normal"
                              Name 40  "app_normal"
                              Name 46  "gl_PerVertex"
                              MemberName 46(gl_PerVertex) 0  "gl_Position"
                              MemberName 46(gl_PerVertex) 1  "gl_PointSize"
                              MemberName 46(gl_PerVertex) 2  "gl_ClipDistance"
                              MemberName 46(gl_PerVertex) 3  "gl_CullDistance"
                              Name 48  ""
                              MemberDecorate 11(UniformBuffer) 0 ColMajor
                              MemberDecorate 11(UniformBuffer) 0 Offset 0
                              MemberDecorate 11(UniformBuffer) 0 MatrixStride 16
                              MemberDecorate 11(UniformBuffer) 1 ColMajor
                              MemberDecorate 11(UniformBuffer) 1 Offset 64
                              MemberDecorate 11(UniformBuffer) 1 MatrixStride 16
                              Decorate 11(UniformBuffer) Block
                              Decorate 13 DescriptorSet 0
                              Decorate 13 Binding 0
                              Decorate 20(app_position) Location 0
                              Decorate 25(vert_position) Location 0
                              Decorate 28(vert_normal) Location 1
                              Decorate 40(app_normal) Location 1
                              MemberDecorate 46(gl_PerVertex) 0 BuiltIn Position
                              MemberDecorate 46(gl_PerVertex) 1 BuiltIn PointSize
                              MemberDecorate 46(gl_PerVertex) 2 BuiltIn ClipDistance
                              MemberDecorate 46(gl_PerVertex) 3 BuiltIn CullDistance
                              Decorate 46(gl_PerVertex) Block
               2:             TypeVoid
               3:             TypeFunction 2
               6:             TypeFloat 32
               7:             TypeVector 6(float) 4
               8:             TypePointer Function 7(fvec4)
              10:             TypeMatrix 7(fvec4) 4
11(UniformBuffer):             TypeStruct 10 10
              12:             TypePointer Uniform 11(UniformBuffer)
              13:     12(ptr) Variable Uniform
              14:             TypeInt 32 1
              15:     14(int) Constant 0
              16:             TypePointer Uniform 10
              19:             TypePointer Input 7(fvec4)
20(app_position):     19(ptr) Variable Input
              23:             TypeVector 6(float) 3
              24:             TypePointer Output 23(fvec3)
25(vert_position):     24(ptr) Variable Output
 28(vert_normal):     24(ptr) Variable Output
              31:             TypeMatrix 23(fvec3) 3
              39:             TypePointer Input 23(fvec3)
  40(app_normal):     39(ptr) Variable Input
              43:             TypeInt 32 0
              44:     43(int) Constant 1
              45:             TypeArray 6(float) 44
46(gl_PerVertex):             TypeStruct 7(fvec4) 6(float) 45 45
              47:             TypePointer Output 46(gl_PerVertex)
              48:     47(ptr) Variable Output
              49:     14(int) Constant 1
              54:             TypePointer Output 7(fvec4)
         4(main):           2 Function None 3
               5:             Label
     9(position):      8(ptr) Variable Function
              17:     16(ptr) AccessChain 13 15
              18:          10 Load 17
              21:    7(fvec4) Load 20(app_position)
              22:    7(fvec4) MatrixTimesVector 18 21
                              Store 9(position) 22
              26:    7(fvec4) Load 9(position)
              27:   23(fvec3) VectorShuffle 26 26 0 1 2
                              Store 25(vert_position) 27
              29:     16(ptr) AccessChain 13 15
              30:          10 Load 29
              32:    7(fvec4) CompositeExtract 30 0
              33:   23(fvec3) VectorShuffle 32 32 0 1 2
              34:    7(fvec4) CompositeExtract 30 1
              35:   23(fvec3) VectorShuffle 34 34 0 1 2
              36:    7(fvec4) CompositeExtract 30 2
              37:   23(fvec3) VectorShuffle 36 36 0 1 2
              38:          31 CompositeConstruct 33 35 37
              41:   23(fvec3) Load 40(app_normal)
              42:   23(fvec3) MatrixTimesVector 38 41
                              Store 28(vert_normal) 42
              50:     16(ptr) AccessChain 13 49
              51:          10 Load 50
              52:    7(fvec4) Load 9(position)
              53:    7(fvec4) MatrixTimesVector 51 52
              55:     54(ptr) AccessChain 48 15
                              Store 55 53
                              Return
                              FunctionEnd
